<?xml version="1.0" encoding="UTF-8"?>
<!-- Generated by org.testng.reporters.JUnitXMLReporter -->
<testsuite ignored="0" hostname="LAPTOP-4N17N0IF" failures="1" tests="5" name="Test Retry Listeners" time="10.759" errors="0" timestamp="2025-05-17T19:51:09 IST">
  <testcase classname="Ui.Retrylistenerdemo" name="open" time="3.691">
    <skipped/>
  </testcase> <!-- open -->
  <testcase classname="Ui.Retrylistenerdemo" name="open" time="1.579">
    <skipped/>
  </testcase> <!-- open -->
  <testcase classname="Ui.Retrylistenerdemo" name="open" time="1.979">
    <skipped/>
  </testcase> <!-- open -->
  <testcase classname="Ui.Retrylistenerdemo" name="open" time="1.702">
    <skipped/>
  </testcase> <!-- open -->
  <testcase classname="Ui.Retrylistenerdemo" name="open" time="1.719">
    <failure type="java.lang.AssertionError" message="expected [true] but found [false]">
      <![CDATA[java.lang.AssertionError: expected [true] but found [false]
at Ui.Retrylistenerdemo.open(Retrylistenerdemo.java:14)
at java.base/java.util.ArrayList.forEach(ArrayList.java:1596)
... Removed 29 stack frames]]>
    </failure>
  </testcase> <!-- open -->
</testsuite> <!-- Test Retry Listeners -->
