<?xml version="1.0" encoding="UTF-8"?>
<!-- Generated by org.testng.reporters.JUnitXMLReporter -->
<testsuite ignored="0" hostname="LAPTOP-4N17N0IF" failures="1" tests="1" name="Default test(failed)" time="19.68" errors="0" timestamp="2025-05-13T00:11:11 IST">
  <testcase classname="Ui.softsassertdemo" name="testtitleandtest" time="19.618">
    <failure type="java.lang.AssertionError" message="The following asserts failed:
	title error expected [Electronics, hhCars, Fashion, Collectibles &amp;amp; More | eBay] but found [Electronics, Cars, Fashion, Collectibles &amp;amp; More | eBay]">
      <![CDATA[java.lang.AssertionError: The following asserts failed:
title error expected [Electronics, hhCars, Fashion, Collectibles & More | eBay] but found [Electronics, Cars, Fashion, Collectibles & More | eBay]
at Ui.softsassertdemo.testtitleandtest(softsassertdemo.java:25)
at java.base/java.util.ArrayList.forEach(ArrayList.java:1596)
... Removed 27 stack frames]]>
    </failure>
  </testcase> <!-- testtitleandtest -->
</testsuite> <!-- Default test(failed) -->
