<?xml version="1.0" encoding="UTF-8"?>
<!-- Generated by org.testng.reporters.JUnitXMLReporter -->
<testsuite ignored="1" hostname="LAPTOP-4N17N0IF" failures="0" tests="4" name="GRP-Sanity,Regression" time="0.094" errors="0" timestamp="2025-05-12T23:20:22 IST">
  <testcase classname="Ui.GroupingTestcase" name="testcaseFive" time="0.013"/>
  <testcase classname="Ui.GroupingTestcase" name="testcaseFour" time="0.003"/>
  <testcase classname="Ui.GroupingTestcase" name="testcaseone" time="0.002"/>
  <testcase classname="Ui.GroupingTestcase" name="testcasethree" time="0.003"/>
  <testcase classname="Ui.GroupingTestcase" name="testcasetwo" time="0.0">
    <ignored/>
  </testcase> <!-- testcasetwo -->
</testsuite> <!-- GRP-Sanity,Regression -->
