<?xml version="1.0" encoding="UTF-8"?>
<!-- Generated by org.testng.reporters.JUnitXMLReporter -->
<testsuite ignored="0" hostname="LAPTOP-4N17N0IF" failures="1" tests="1" name="Testss" time="0.907" errors="0" timestamp="2025-05-17T13:38:54 IST">
  <testcase classname="Ui.Listernerssdemo" name="open" time="0.881">
    <failure type="java.lang.AssertionError" message="expected [true] but found [false]">
      <![CDATA[java.lang.AssertionError: expected [true] but found [false]
at Ui.Listernerssdemo.open(Listernerssdemo.java:12)
at java.base/java.util.ArrayList.forEach(ArrayList.java:1596)
... Removed 29 stack frames]]>
    </failure>
  </testcase> <!-- open -->
</testsuite> <!-- Testss -->
