<?xml version="1.0" encoding="UTF-8"?>
<!-- Generated by org.testng.reporters.JUnitXMLReporter -->
<testsuite ignored="0" hostname="LAPTOP-4N17N0IF" failures="1" tests="4" name="Test for report" time="0.094" errors="0" timestamp="2025-05-17T23:01:00 IST">
  <testcase classname="Ui.Reportdemo" name="reporttest1" time="0.012"/>
  <testcase classname="Ui.Reportdemo" name="reporttest2" time="0.003"/>
  <testcase classname="Ui.Reportdemo" name="reporttest3" time="0.002"/>
  <testcase classname="Ui.Reportdemo" name="reporttest4" time="0.009">
    <failure type="java.lang.AssertionError" message="expected [true] but found [false]">
      <![CDATA[java.lang.AssertionError: expected [true] but found [false]
at Ui.Reportdemo.reporttest4(Reportdemo.java:24)
at java.base/java.util.ArrayList.forEach(ArrayList.java:1596)
... Removed 29 stack frames]]>
    </failure>
  </testcase> <!-- reporttest4 -->
</testsuite> <!-- Test for report -->
