<?xml version="1.0" encoding="UTF-8"?>
<!-- Generated by org.testng.reporters.JUnitXMLReporter -->
<testsuite ignored="0" hostname="LAPTOP-4N17N0IF" failures="1" tests="5" name="Test before and after suite" time="0.064" errors="0" timestamp="2025-05-17T12:41:49 IST">
  <testcase classname="Ui.GroupingTestcase2" name="testcaseFive" time="0.006"/>
  <testcase classname="Ui.GroupingTestcase2" name="testcaseFour" time="0.007">
    <failure type="java.lang.AssertionError" message="expected [true] but found [false]">
      <![CDATA[java.lang.AssertionError: expected [true] but found [false]
at Ui.GroupingTestcase2.testcaseFour(GroupingTestcase2.java:26)
at java.base/java.util.ArrayList.forEach(ArrayList.java:1596)
... Removed 29 stack frames]]>
    </failure>
  </testcase> <!-- testcaseFour -->
  <testcase classname="Ui.GroupingTestcase2" name="testcaseone" time="0.001"/>
  <testcase classname="Ui.GroupingTestcase2" name="testcasethree" time="0.002"/>
  <testcase classname="Ui.GroupingTestcase2" name="testcasetwo" time="0.001"/>
</testsuite> <!-- Test before and after suite -->
