<?xml version="1.0" encoding="UTF-8"?>
<!-- Generated by org.testng.reporters.JUnitReportReporter -->
<testsuite hostname="LAPTOP-4N17N0IF" failures="0" tests="3" name="Ui.Dataproviderdemowithapllication" time="11.506" errors="0" timestamp="2025-05-16T12:35:34 IST" skipped="0">
  <testcase classname="Ui.Dataproviderdemowithapllication" name="login" time="2.660"/>
  <testcase classname="Ui.Dataproviderdemowithapllication" name="login" time="2.823"/>
  <testcase classname="Ui.Dataproviderdemowithapllication" name="login" time="6.023"/>
</testsuite> <!-- Ui.Dataproviderdemowithapllication -->
