<?xml version="1.0" encoding="UTF-8"?>
<!-- Generated by org.testng.reporters.JUnitReportReporter -->
<testsuite hostname="LAPTOP-4N17N0IF" failures="0" tests="3" name="Ui.Annotationtwo" time="0.018" errors="0" timestamp="2025-05-14T19:16:40 IST" skipped="0">
  <testcase classname="Ui.Annotationtwo" name="Test3" time="0.003"/>
  <testcase classname="Ui.Annotationtwo" name="Test2" time="0.003"/>
  <testcase classname="Ui.Annotationtwo" name="Test1" time="0.012"/>
</testsuite> <!-- Ui.Annotationtwo -->
