<?xml version="1.0" encoding="UTF-8"?>
<!-- Generated by org.testng.reporters.JUnitReportReporter -->
<testsuite hostname="LAPTOP-4N17N0IF" failures="0" tests="5" name="Ui.GroupingTestcase" time="0.013" errors="0" timestamp="2025-08-29T14:19:49 IST" skipped="0">
  <testcase classname="Ui.GroupingTestcase" name="testcasetwo" time="0.001"/>
  <testcase classname="Ui.GroupingTestcase" name="testcaseone" time="0.001"/>
  <testcase classname="Ui.GroupingTestcase" name="testcaseFour" time="0.001"/>
  <testcase classname="Ui.GroupingTestcase" name="testcaseFive" time="0.009"/>
  <testcase classname="Ui.GroupingTestcase" name="testcasethree" time="0.001"/>
</testsuite> <!-- Ui.GroupingTestcase -->
