<?xml version="1.0" encoding="UTF-8"?>
<!-- Generated by org.testng.reporters.JUnitReportReporter -->
<testsuite hostname="LAPTOP-4N17N0IF" failures="0" tests="5" name="Ui.Loginwithdataproviderfile" time="0.020" errors="0" timestamp="2025-05-16T17:32:00 IST" skipped="0">
  <testcase classname="Ui.Loginwithdataproviderfile" name="login2" time="0.004"/>
  <testcase classname="Ui.Loginwithdataproviderfile" name="login" time="0.011"/>
  <testcase classname="Ui.Loginwithdataproviderfile" name="login" time="0.002"/>
  <testcase classname="Ui.Loginwithdataproviderfile" name="login2" time="0.001"/>
  <testcase classname="Ui.Loginwithdataproviderfile" name="login" time="0.002"/>
</testsuite> <!-- Ui.Loginwithdataproviderfile -->
