<?xml version="1.0" encoding="UTF-8"?>
<!-- Generated by org.testng.reporters.JUnitReportReporter -->
<testsuite hostname="LAPTOP-4N17N0IF" failures="0" tests="3" name="Ui.skiptestdemo" time="0.015" errors="0" timestamp="2025-05-14T19:00:45 IST" skipped="3">
  <testcase classname="Ui.skiptestdemo" name="test2" time="0.013">
    <skipped/>
  </testcase> <!-- test2 -->
  <testcase classname="Ui.skiptestdemo" name="test3" time="0.002">
    <skipped/>
  </testcase> <!-- test3 -->
  <testcase classname="Ui.skiptestdemo" name="test1">
    <skipped/>
  </testcase> <!-- test1 -->
</testsuite> <!-- Ui.skiptestdemo -->
