<?xml version="1.0" encoding="UTF-8"?>
<!-- Generated by org.testng.reporters.JUnitReportReporter -->
<testsuite hostname="LAPTOP-4N17N0IF" failures="0" tests="6" name="Ui.Dataproviderdemo" time="0.021" errors="0" timestamp="2025-05-16T11:26:43 IST" skipped="0">
  <testcase classname="Ui.Dataproviderdemo" name="login2" time="0.002"/>
  <testcase classname="Ui.Dataproviderdemo" name="login" time="0.010"/>
  <testcase classname="Ui.Dataproviderdemo" name="login3" time="0.002"/>
  <testcase classname="Ui.Dataproviderdemo" name="login" time="0.002"/>
  <testcase classname="Ui.Dataproviderdemo" name="login2" time="0.003"/>
  <testcase classname="Ui.Dataproviderdemo" name="login" time="0.002"/>
</testsuite> <!-- Ui.Dataproviderdemo -->
